<?xml version="1.0" encoding="UTF-8"?>
<!-- Generated by org.testng.reporters.JUnitReportReporter -->
<testsuite hostname="DESKTOP-R8A7UVK" failures="0" tests="2" name="academy.Title" time="0.329" errors="0" timestamp="2021-08-15T00:34:40 IST" skipped="0">
  <testcase classname="academy.Title" name="validateHeader" time="0.124"/>
  <system-out/>
  <testcase classname="academy.Title" name="validateTitle" time="0.205"/>
  <system-out/>
</testsuite> <!-- academy.Title -->
