<?xml version="1.0" encoding="UTF-8"?>
<!-- Generated by org.testng.reporters.JUnitReportReporter -->
<testsuite hostname="DESKTOP-R8A7UVK" failures="0" tests="2" name="academy.HomePage" time="59.009" errors="0" timestamp="2021-08-16T01:19:45 IST" skipped="0">
  <testcase classname="academy.HomePage" name="home" time="8.205"/>
  <system-out/>
  <testcase classname="academy.HomePage" name="home" time="50.804"/>
  <system-out/>
</testsuite> <!-- academy.HomePage -->
